c:\users\user\documents\ks\pc_software\numericalprograms\extendednumbertypes\mpir_and_mpfr\mpir\mpir\x64\mpir_core2_lib_release\mpir.pdb
c:\users\user\documents\ks\pc_software\numericalprograms\extendednumbertypes\mpir_and_mpfr\mpir\mpir\x64\mpir_core2_lib_release\src\randmt.obj
c:\users\user\documents\ks\pc_software\numericalprograms\extendednumbertypes\mpir_and_mpfr\mpir\mpir\x64\mpir_core2_lib_release\src\randlc2x.obj
c:\users\user\documents\ks\pc_software\numericalprograms\extendednumbertypes\mpir_and_mpfr\mpir\mpir\x64\mpir_core2_lib_release\src\randlc2s.obj
c:\users\user\documents\ks\pc_software\numericalprograms\extendednumbertypes\mpir_and_mpfr\mpir\mpir\x64\mpir_core2_lib_release\src\randiset.obj
c:\users\user\documents\ks\pc_software\numericalprograms\extendednumbertypes\mpir_and_mpfr\mpir\mpir\x64\mpir_core2_lib_release\src\randdef.obj
c:\users\user\documents\ks\pc_software\numericalprograms\extendednumbertypes\mpir_and_mpfr\mpir\mpir\x64\mpir_core2_lib_release\src\randclr.obj
c:\users\user\documents\ks\pc_software\numericalprograms\extendednumbertypes\mpir_and_mpfr\mpir\mpir\x64\mpir_core2_lib_release\src\randbui.obj
c:\users\user\documents\ks\pc_software\numericalprograms\extendednumbertypes\mpir_and_mpfr\mpir\mpir\x64\mpir_core2_lib_release\src\primesieve.obj
c:\users\user\documents\ks\pc_software\numericalprograms\extendednumbertypes\mpir_and_mpfr\mpir\mpir\x64\mpir_core2_lib_release\src\nextprime.obj
c:\users\user\documents\ks\pc_software\numericalprograms\extendednumbertypes\mpir_and_mpfr\mpir\mpir\x64\mpir_core2_lib_release\src\mp_set_fns.obj
c:\users\user\documents\ks\pc_software\numericalprograms\extendednumbertypes\mpir_and_mpfr\mpir\mpir\x64\mpir_core2_lib_release\src\mp_minv_tab.obj
c:\users\user\documents\ks\pc_software\numericalprograms\extendednumbertypes\mpir_and_mpfr\mpir\mpir\x64\mpir_core2_lib_release\src\mp_get_fns.obj
c:\users\user\documents\ks\pc_software\numericalprograms\extendednumbertypes\mpir_and_mpfr\mpir\mpir\x64\mpir_core2_lib_release\src\mp_dv_tab.obj
c:\users\user\documents\ks\pc_software\numericalprograms\extendednumbertypes\mpir_and_mpfr\mpir\mpir\x64\mpir_core2_lib_release\src\mp_clz_tab.obj
c:\users\user\documents\ks\pc_software\numericalprograms\extendednumbertypes\mpir_and_mpfr\mpir\mpir\x64\mpir_core2_lib_release\src\mp_bpl.obj
c:\users\user\documents\ks\pc_software\numericalprograms\extendednumbertypes\mpir_and_mpfr\mpir\mpir\x64\mpir_core2_lib_release\src\memory.obj
c:\users\user\documents\ks\pc_software\numericalprograms\extendednumbertypes\mpir_and_mpfr\mpir\mpir\x64\mpir_core2_lib_release\src\invalid.obj
c:\users\user\documents\ks\pc_software\numericalprograms\extendednumbertypes\mpir_and_mpfr\mpir\mpir\x64\mpir_core2_lib_release\src\extract-dbl.obj
c:\users\user\documents\ks\pc_software\numericalprograms\extendednumbertypes\mpir_and_mpfr\mpir\mpir\x64\mpir_core2_lib_release\src\errno.obj
c:\users\user\documents\ks\pc_software\numericalprograms\extendednumbertypes\mpir_and_mpfr\mpir\mpir\x64\mpir_core2_lib_release\src\assert.obj
c:\users\user\documents\ks\pc_software\numericalprograms\extendednumbertypes\mpir_and_mpfr\mpir\mpir\x64\mpir_core2_lib_release\src\version.obj
c:\users\user\documents\ks\pc_software\numericalprograms\extendednumbertypes\mpir_and_mpfr\mpir\mpir\x64\mpir_core2_lib_release\src\tal-reent.obj
c:\users\user\documents\ks\pc_software\numericalprograms\extendednumbertypes\mpir_and_mpfr\mpir\mpir\x64\mpir_core2_lib_release\src\randsdui.obj
c:\users\user\documents\ks\pc_software\numericalprograms\extendednumbertypes\mpir_and_mpfr\mpir\mpir\x64\mpir_core2_lib_release\src\randsd.obj
c:\users\user\documents\ks\pc_software\numericalprograms\extendednumbertypes\mpir_and_mpfr\mpir\mpir\x64\mpir_core2_lib_release\src\rands.obj
c:\users\user\documents\ks\pc_software\numericalprograms\extendednumbertypes\mpir_and_mpfr\mpir\mpir\x64\mpir_core2_lib_release\src\randmui.obj
c:\users\user\documents\ks\pc_software\numericalprograms\extendednumbertypes\mpir_and_mpfr\mpir\mpir\x64\mpir_core2_lib_release\src\randmts.obj
c:\users\user\documents\ks\pc_software\numericalprograms\extendednumbertypes\mpir_and_mpfr\mpir\mpir\x64\mpir_core2_lib_release\src\fft\mul_2expmod_2expp1.obj
c:\users\user\documents\ks\pc_software\numericalprograms\extendednumbertypes\mpir_and_mpfr\mpir\mpir\x64\mpir_core2_lib_release\src\fft\mulmod_2expp1.obj
c:\users\user\documents\ks\pc_software\numericalprograms\extendednumbertypes\mpir_and_mpfr\mpir\mpir\x64\mpir_core2_lib_release\src\fft\ifft_trunc_sqrt2.obj
c:\users\user\documents\ks\pc_software\numericalprograms\extendednumbertypes\mpir_and_mpfr\mpir\mpir\x64\mpir_core2_lib_release\src\fft\ifft_trunc.obj
c:\users\user\documents\ks\pc_software\numericalprograms\extendednumbertypes\mpir_and_mpfr\mpir\mpir\x64\mpir_core2_lib_release\src\fft\ifft_radix2.obj
c:\users\user\documents\ks\pc_software\numericalprograms\extendednumbertypes\mpir_and_mpfr\mpir\mpir\x64\mpir_core2_lib_release\src\fft\ifft_negacyclic.obj
c:\users\user\documents\ks\pc_software\numericalprograms\extendednumbertypes\mpir_and_mpfr\mpir\mpir\x64\mpir_core2_lib_release\src\fft\ifft_mfa_trunc_sqrt2.obj
c:\users\user\documents\ks\pc_software\numericalprograms\extendednumbertypes\mpir_and_mpfr\mpir\mpir\x64\mpir_core2_lib_release\src\fft\fft_trunc_sqrt2.obj
c:\users\user\documents\ks\pc_software\numericalprograms\extendednumbertypes\mpir_and_mpfr\mpir\mpir\x64\mpir_core2_lib_release\src\fft\fft_trunc.obj
c:\users\user\documents\ks\pc_software\numericalprograms\extendednumbertypes\mpir_and_mpfr\mpir\mpir\x64\mpir_core2_lib_release\src\fft\fft_radix2.obj
c:\users\user\documents\ks\pc_software\numericalprograms\extendednumbertypes\mpir_and_mpfr\mpir\mpir\x64\mpir_core2_lib_release\src\fft\fft_negacyclic.obj
c:\users\user\documents\ks\pc_software\numericalprograms\extendednumbertypes\mpir_and_mpfr\mpir\mpir\x64\mpir_core2_lib_release\src\fft\fft_mfa_trunc_sqrt2_inner.obj
c:\users\user\documents\ks\pc_software\numericalprograms\extendednumbertypes\mpir_and_mpfr\mpir\mpir\x64\mpir_core2_lib_release\src\fft\fft_mfa_trunc_sqrt2.obj
c:\users\user\documents\ks\pc_software\numericalprograms\extendednumbertypes\mpir_and_mpfr\mpir\mpir\x64\mpir_core2_lib_release\src\fft\fermat_to_mpz.obj
c:\users\user\documents\ks\pc_software\numericalprograms\extendednumbertypes\mpir_and_mpfr\mpir\mpir\x64\mpir_core2_lib_release\src\fft\div_2expmod_2expp1.obj
c:\users\user\documents\ks\pc_software\numericalprograms\extendednumbertypes\mpir_and_mpfr\mpir\mpir\x64\mpir_core2_lib_release\src\fft\combine_bits.obj
c:\users\user\documents\ks\pc_software\numericalprograms\extendednumbertypes\mpir_and_mpfr\mpir\mpir\x64\mpir_core2_lib_release\src\fft\butterfly_rshb.obj
c:\users\user\documents\ks\pc_software\numericalprograms\extendednumbertypes\mpir_and_mpfr\mpir\mpir\x64\mpir_core2_lib_release\src\fft\butterfly_lshb.obj
c:\users\user\documents\ks\pc_software\numericalprograms\extendednumbertypes\mpir_and_mpfr\mpir\mpir\x64\mpir_core2_lib_release\src\fft\adjust_sqrt2.obj
c:\users\user\documents\ks\pc_software\numericalprograms\extendednumbertypes\mpir_and_mpfr\mpir\mpir\x64\mpir_core2_lib_release\src\fft\adjust.obj
c:\users\user\documents\ks\pc_software\numericalprograms\extendednumbertypes\mpir_and_mpfr\mpir\mpir\x64\mpir_core2_lib_release\src\fft\split_bits.obj
c:\users\user\documents\ks\pc_software\numericalprograms\extendednumbertypes\mpir_and_mpfr\mpir\mpir\x64\mpir_core2_lib_release\src\fft\revbin.obj
c:\users\user\documents\ks\pc_software\numericalprograms\extendednumbertypes\mpir_and_mpfr\mpir\mpir\x64\mpir_core2_lib_release\src\fft\normmod_2expp1.obj
c:\users\user\documents\ks\pc_software\numericalprograms\extendednumbertypes\mpir_and_mpfr\mpir\mpir\x64\mpir_core2_lib_release\src\fft\mul_trunc_sqrt2.obj
c:\users\user\documents\ks\pc_software\numericalprograms\extendednumbertypes\mpir_and_mpfr\mpir\mpir\x64\mpir_core2_lib_release\src\fft\mul_mfa_trunc_sqrt2.obj
c:\users\user\documents\ks\pc_software\numericalprograms\extendednumbertypes\mpir_and_mpfr\mpir\mpir\x64\mpir_core2_lib_release\src\fft\mul_fft_main.obj
c:\users\user\documents\ks\pc_software\numericalprograms\extendednumbertypes\mpir_and_mpfr\mpir\mpir\x64\mpir_core2_lib_release\src\mpf\fits_ui.obj
c:\users\user\documents\ks\pc_software\numericalprograms\extendednumbertypes\mpir_and_mpfr\mpir\mpir\x64\mpir_core2_lib_release\src\mpf\fits_sshort.obj
c:\users\user\documents\ks\pc_software\numericalprograms\extendednumbertypes\mpir_and_mpfr\mpir\mpir\x64\mpir_core2_lib_release\src\mpf\fits_slong.obj
c:\users\user\documents\ks\pc_software\numericalprograms\extendednumbertypes\mpir_and_mpfr\mpir\mpir\x64\mpir_core2_lib_release\src\mpf\fits_sint.obj
c:\users\user\documents\ks\pc_software\numericalprograms\extendednumbertypes\mpir_and_mpfr\mpir\mpir\x64\mpir_core2_lib_release\src\mpf\fits_si.obj
c:\users\user\documents\ks\pc_software\numericalprograms\extendednumbertypes\mpir_and_mpfr\mpir\mpir\x64\mpir_core2_lib_release\src\mpf\eq.obj
c:\users\user\documents\ks\pc_software\numericalprograms\extendednumbertypes\mpir_and_mpfr\mpir\mpir\x64\mpir_core2_lib_release\src\mpf\dump.obj
c:\users\user\documents\ks\pc_software\numericalprograms\extendednumbertypes\mpir_and_mpfr\mpir\mpir\x64\mpir_core2_lib_release\src\mpf\div_ui.obj
c:\users\user\documents\ks\pc_software\numericalprograms\extendednumbertypes\mpir_and_mpfr\mpir\mpir\x64\mpir_core2_lib_release\src\mpf\div_2exp.obj
c:\users\user\documents\ks\pc_software\numericalprograms\extendednumbertypes\mpir_and_mpfr\mpir\mpir\x64\mpir_core2_lib_release\src\mpf\div.obj
c:\users\user\documents\ks\pc_software\numericalprograms\extendednumbertypes\mpir_and_mpfr\mpir\mpir\x64\mpir_core2_lib_release\src\mpf\cmp_ui.obj
c:\users\user\documents\ks\pc_software\numericalprograms\extendednumbertypes\mpir_and_mpfr\mpir\mpir\x64\mpir_core2_lib_release\src\mpf\cmp_si.obj
c:\users\user\documents\ks\pc_software\numericalprograms\extendednumbertypes\mpir_and_mpfr\mpir\mpir\x64\mpir_core2_lib_release\src\mpf\cmp_d.obj
c:\users\user\documents\ks\pc_software\numericalprograms\extendednumbertypes\mpir_and_mpfr\mpir\mpir\x64\mpir_core2_lib_release\src\mpf\cmp.obj
c:\users\user\documents\ks\pc_software\numericalprograms\extendednumbertypes\mpir_and_mpfr\mpir\mpir\x64\mpir_core2_lib_release\src\mpf\clears.obj
c:\users\user\documents\ks\pc_software\numericalprograms\extendednumbertypes\mpir_and_mpfr\mpir\mpir\x64\mpir_core2_lib_release\src\mpf\clear.obj
c:\users\user\documents\ks\pc_software\numericalprograms\extendednumbertypes\mpir_and_mpfr\mpir\mpir\x64\mpir_core2_lib_release\src\mpf\ceilfloor.obj
c:\users\user\documents\ks\pc_software\numericalprograms\extendednumbertypes\mpir_and_mpfr\mpir\mpir\x64\mpir_core2_lib_release\src\mpf\add_ui.obj
c:\users\user\documents\ks\pc_software\numericalprograms\extendednumbertypes\mpir_and_mpfr\mpir\mpir\x64\mpir_core2_lib_release\src\mpf\add.obj
c:\users\user\documents\ks\pc_software\numericalprograms\extendednumbertypes\mpir_and_mpfr\mpir\mpir\x64\mpir_core2_lib_release\src\mpf\abs.obj
c:\users\user\documents\ks\pc_software\numericalprograms\extendednumbertypes\mpir_and_mpfr\mpir\mpir\x64\mpir_core2_lib_release\src\mpf\iset_ui.obj
c:\users\user\documents\ks\pc_software\numericalprograms\extendednumbertypes\mpir_and_mpfr\mpir\mpir\x64\mpir_core2_lib_release\src\mpf\iset_str.obj
c:\users\user\documents\ks\pc_software\numericalprograms\extendednumbertypes\mpir_and_mpfr\mpir\mpir\x64\mpir_core2_lib_release\src\mpf\iset_si.obj
c:\users\user\documents\ks\pc_software\numericalprograms\extendednumbertypes\mpir_and_mpfr\mpir\mpir\x64\mpir_core2_lib_release\src\mpf\iset_d.obj
c:\users\user\documents\ks\pc_software\numericalprograms\extendednumbertypes\mpir_and_mpfr\mpir\mpir\x64\mpir_core2_lib_release\src\mpf\iset.obj
c:\users\user\documents\ks\pc_software\numericalprograms\extendednumbertypes\mpir_and_mpfr\mpir\mpir\x64\mpir_core2_lib_release\src\mpf\int_p.obj
c:\users\user\documents\ks\pc_software\numericalprograms\extendednumbertypes\mpir_and_mpfr\mpir\mpir\x64\mpir_core2_lib_release\src\mpf\inp_str.obj
c:\users\user\documents\ks\pc_software\numericalprograms\extendednumbertypes\mpir_and_mpfr\mpir\mpir\x64\mpir_core2_lib_release\src\mpf\inits.obj
c:\users\user\documents\ks\pc_software\numericalprograms\extendednumbertypes\mpir_and_mpfr\mpir\mpir\x64\mpir_core2_lib_release\src\mpf\init2.obj
c:\users\user\documents\ks\pc_software\numericalprograms\extendednumbertypes\mpir_and_mpfr\mpir\mpir\x64\mpir_core2_lib_release\src\mpf\init.obj
c:\users\user\documents\ks\pc_software\numericalprograms\extendednumbertypes\mpir_and_mpfr\mpir\mpir\x64\mpir_core2_lib_release\src\mpf\get_ui.obj
c:\users\user\documents\ks\pc_software\numericalprograms\extendednumbertypes\mpir_and_mpfr\mpir\mpir\x64\mpir_core2_lib_release\src\mpf\get_str.obj
c:\users\user\documents\ks\pc_software\numericalprograms\extendednumbertypes\mpir_and_mpfr\mpir\mpir\x64\mpir_core2_lib_release\src\mpf\get_si.obj
c:\users\user\documents\ks\pc_software\numericalprograms\extendednumbertypes\mpir_and_mpfr\mpir\mpir\x64\mpir_core2_lib_release\src\mpf\get_prc.obj
c:\users\user\documents\ks\pc_software\numericalprograms\extendednumbertypes\mpir_and_mpfr\mpir\mpir\x64\mpir_core2_lib_release\src\mpf\get_d_2exp.obj
c:\users\user\documents\ks\pc_software\numericalprograms\extendednumbertypes\mpir_and_mpfr\mpir\mpir\x64\mpir_core2_lib_release\src\mpf\get_dfl_prec.obj
c:\users\user\documents\ks\pc_software\numericalprograms\extendednumbertypes\mpir_and_mpfr\mpir\mpir\x64\mpir_core2_lib_release\src\mpf\get_d.obj
c:\users\user\documents\ks\pc_software\numericalprograms\extendednumbertypes\mpir_and_mpfr\mpir\mpir\x64\mpir_core2_lib_release\src\mpf\fits_ushort.obj
c:\users\user\documents\ks\pc_software\numericalprograms\extendednumbertypes\mpir_and_mpfr\mpir\mpir\x64\mpir_core2_lib_release\src\mpf\fits_ulong.obj
c:\users\user\documents\ks\pc_software\numericalprograms\extendednumbertypes\mpir_and_mpfr\mpir\mpir\x64\mpir_core2_lib_release\src\mpf\fits_uint.obj
c:\users\user\documents\ks\pc_software\numericalprograms\extendednumbertypes\mpir_and_mpfr\mpir\mpir\x64\mpir_core2_lib_release\src\mpf\size.obj
c:\users\user\documents\ks\pc_software\numericalprograms\extendednumbertypes\mpir_and_mpfr\mpir\mpir\x64\mpir_core2_lib_release\src\mpf\set_z.obj
c:\users\user\documents\ks\pc_software\numericalprograms\extendednumbertypes\mpir_and_mpfr\mpir\mpir\x64\mpir_core2_lib_release\src\mpf\set_ui.obj
c:\users\user\documents\ks\pc_software\numericalprograms\extendednumbertypes\mpir_and_mpfr\mpir\mpir\x64\mpir_core2_lib_release\src\mpf\set_str.obj
c:\users\user\documents\ks\pc_software\numericalprograms\extendednumbertypes\mpir_and_mpfr\mpir\mpir\x64\mpir_core2_lib_release\src\mpf\set_si.obj
c:\users\user\documents\ks\pc_software\numericalprograms\extendednumbertypes\mpir_and_mpfr\mpir\mpir\x64\mpir_core2_lib_release\src\mpf\set_q.obj
c:\users\user\documents\ks\pc_software\numericalprograms\extendednumbertypes\mpir_and_mpfr\mpir\mpir\x64\mpir_core2_lib_release\src\mpf\set_prc_raw.obj
c:\users\user\documents\ks\pc_software\numericalprograms\extendednumbertypes\mpir_and_mpfr\mpir\mpir\x64\mpir_core2_lib_release\src\mpf\set_prc.obj
c:\users\user\documents\ks\pc_software\numericalprograms\extendednumbertypes\mpir_and_mpfr\mpir\mpir\x64\mpir_core2_lib_release\src\mpf\set_dfl_prec.obj
c:\users\user\documents\ks\pc_software\numericalprograms\extendednumbertypes\mpir_and_mpfr\mpir\mpir\x64\mpir_core2_lib_release\src\mpf\set_d.obj
c:\users\user\documents\ks\pc_software\numericalprograms\extendednumbertypes\mpir_and_mpfr\mpir\mpir\x64\mpir_core2_lib_release\src\mpf\set.obj
c:\users\user\documents\ks\pc_software\numericalprograms\extendednumbertypes\mpir_and_mpfr\mpir\mpir\x64\mpir_core2_lib_release\src\mpf\rrandomb.obj
c:\users\user\documents\ks\pc_software\numericalprograms\extendednumbertypes\mpir_and_mpfr\mpir\mpir\x64\mpir_core2_lib_release\src\mpf\reldiff.obj
c:\users\user\documents\ks\pc_software\numericalprograms\extendednumbertypes\mpir_and_mpfr\mpir\mpir\x64\mpir_core2_lib_release\src\mpf\random2.obj
c:\users\user\documents\ks\pc_software\numericalprograms\extendednumbertypes\mpir_and_mpfr\mpir\mpir\x64\mpir_core2_lib_release\src\mpf\pow_ui.obj
c:\users\user\documents\ks\pc_software\numericalprograms\extendednumbertypes\mpir_and_mpfr\mpir\mpir\x64\mpir_core2_lib_release\src\mpf\out_str.obj
c:\users\user\documents\ks\pc_software\numericalprograms\extendednumbertypes\mpir_and_mpfr\mpir\mpir\x64\mpir_core2_lib_release\src\mpf\neg.obj
c:\users\user\documents\ks\pc_software\numericalprograms\extendednumbertypes\mpir_and_mpfr\mpir\mpir\x64\mpir_core2_lib_release\src\mpf\mul_ui.obj
c:\users\user\documents\ks\pc_software\numericalprograms\extendednumbertypes\mpir_and_mpfr\mpir\mpir\x64\mpir_core2_lib_release\src\mpf\mul_2exp.obj
c:\users\user\documents\ks\pc_software\numericalprograms\extendednumbertypes\mpir_and_mpfr\mpir\mpir\x64\mpir_core2_lib_release\src\mpf\mul.obj
c:\users\user\documents\ks\pc_software\numericalprograms\extendednumbertypes\mpir_and_mpfr\mpir\mpir\x64\mpir_core2_lib_release\src\mpf\urandomb.obj
c:\users\user\documents\ks\pc_software\numericalprograms\extendednumbertypes\mpir_and_mpfr\mpir\mpir\x64\mpir_core2_lib_release\src\mpf\ui_sub.obj
c:\users\user\documents\ks\pc_software\numericalprograms\extendednumbertypes\mpir_and_mpfr\mpir\mpir\x64\mpir_core2_lib_release\src\mpf\ui_div.obj
c:\users\user\documents\ks\pc_software\numericalprograms\extendednumbertypes\mpir_and_mpfr\mpir\mpir\x64\mpir_core2_lib_release\src\mpf\trunc.obj
c:\users\user\documents\ks\pc_software\numericalprograms\extendednumbertypes\mpir_and_mpfr\mpir\mpir\x64\mpir_core2_lib_release\src\mpf\swap.obj
c:\users\user\documents\ks\pc_software\numericalprograms\extendednumbertypes\mpir_and_mpfr\mpir\mpir\x64\mpir_core2_lib_release\src\mpf\sub_ui.obj
c:\users\user\documents\ks\pc_software\numericalprograms\extendednumbertypes\mpir_and_mpfr\mpir\mpir\x64\mpir_core2_lib_release\src\mpf\sub.obj
c:\users\user\documents\ks\pc_software\numericalprograms\extendednumbertypes\mpir_and_mpfr\mpir\mpir\x64\mpir_core2_lib_release\src\mpf\sqrt_ui.obj
c:\users\user\documents\ks\pc_software\numericalprograms\extendednumbertypes\mpir_and_mpfr\mpir\mpir\x64\mpir_core2_lib_release\src\mpf\sqrt.obj
c:\users\user\documents\ks\pc_software\numericalprograms\extendednumbertypes\mpir_and_mpfr\mpir\mpir\x64\mpir_core2_lib_release\src\mpn\generic\divrem_hensel_qr_1.obj
c:\users\user\documents\ks\pc_software\numericalprograms\extendednumbertypes\mpir_and_mpfr\mpir\mpir\x64\mpir_core2_lib_release\src\mpn\generic\divrem_euclidean_r_1.obj
c:\users\user\documents\ks\pc_software\numericalprograms\extendednumbertypes\mpir_and_mpfr\mpir\mpir\x64\mpir_core2_lib_release\src\mpn\generic\divrem_1.obj
c:\users\user\documents\ks\pc_software\numericalprograms\extendednumbertypes\mpir_and_mpfr\mpir\mpir\x64\mpir_core2_lib_release\src\mpn\generic\divrem.obj
c:\users\user\documents\ks\pc_software\numericalprograms\extendednumbertypes\mpir_and_mpfr\mpir\mpir\x64\mpir_core2_lib_release\src\mpn\generic\divisible_p.obj
c:\users\user\documents\ks\pc_software\numericalprograms\extendednumbertypes\mpir_and_mpfr\mpir\mpir\x64\mpir_core2_lib_release\src\mpn\generic\divexact.obj
c:\users\user\documents\ks\pc_software\numericalprograms\extendednumbertypes\mpir_and_mpfr\mpir\mpir\x64\mpir_core2_lib_release\src\mpn\generic\dc_div_qr_n.obj
c:\users\user\documents\ks\pc_software\numericalprograms\extendednumbertypes\mpir_and_mpfr\mpir\mpir\x64\mpir_core2_lib_release\src\mpn\generic\dc_div_qr.obj
c:\users\user\documents\ks\pc_software\numericalprograms\extendednumbertypes\mpir_and_mpfr\mpir\mpir\x64\mpir_core2_lib_release\src\mpn\generic\dc_div_q.obj
c:\users\user\documents\ks\pc_software\numericalprograms\extendednumbertypes\mpir_and_mpfr\mpir\mpir\x64\mpir_core2_lib_release\src\mpn\generic\dc_divappr_q.obj
c:\users\user\documents\ks\pc_software\numericalprograms\extendednumbertypes\mpir_and_mpfr\mpir\mpir\x64\mpir_core2_lib_release\src\mpn\generic\dc_bdiv_q_n.obj
c:\users\user\documents\ks\pc_software\numericalprograms\extendednumbertypes\mpir_and_mpfr\mpir\mpir\x64\mpir_core2_lib_release\src\mpn\generic\dc_bdiv_qr_n.obj
c:\users\user\documents\ks\pc_software\numericalprograms\extendednumbertypes\mpir_and_mpfr\mpir\mpir\x64\mpir_core2_lib_release\src\mpn\generic\dc_bdiv_qr.obj
c:\users\user\documents\ks\pc_software\numericalprograms\extendednumbertypes\mpir_and_mpfr\mpir\mpir\x64\mpir_core2_lib_release\src\mpn\generic\dc_bdiv_q.obj
c:\users\user\documents\ks\pc_software\numericalprograms\extendednumbertypes\mpir_and_mpfr\mpir\mpir\x64\mpir_core2_lib_release\src\mpn\generic\comb_tables.obj
c:\users\user\documents\ks\pc_software\numericalprograms\extendednumbertypes\mpir_and_mpfr\mpir\mpir\x64\mpir_core2_lib_release\src\mpn\generic\cmp.obj
c:\users\user\documents\ks\pc_software\numericalprograms\extendednumbertypes\mpir_and_mpfr\mpir\mpir\x64\mpir_core2_lib_release\src\mpn\generic\binvert.obj
c:\users\user\documents\ks\pc_software\numericalprograms\extendednumbertypes\mpir_and_mpfr\mpir\mpir\x64\mpir_core2_lib_release\src\mpn\generic\bdivmod.obj
c:\users\user\documents\ks\pc_software\numericalprograms\extendednumbertypes\mpir_and_mpfr\mpir\mpir\x64\mpir_core2_lib_release\src\mpn\generic\add_1.obj
c:\users\user\documents\ks\pc_software\numericalprograms\extendednumbertypes\mpir_and_mpfr\mpir\mpir\x64\mpir_core2_lib_release\src\mpn\generic\add.obj
c:\users\user\documents\ks\pc_software\numericalprograms\extendednumbertypes\mpir_and_mpfr\mpir\mpir\x64\mpir_core2_lib_release\src\mpn\generic\hgcd_matrix.obj
c:\users\user\documents\ks\pc_software\numericalprograms\extendednumbertypes\mpir_and_mpfr\mpir\mpir\x64\mpir_core2_lib_release\src\mpn\generic\hgcd_jacobi.obj
c:\users\user\documents\ks\pc_software\numericalprograms\extendednumbertypes\mpir_and_mpfr\mpir\mpir\x64\mpir_core2_lib_release\src\mpn\generic\hgcd_appr.obj
c:\users\user\documents\ks\pc_software\numericalprograms\extendednumbertypes\mpir_and_mpfr\mpir\mpir\x64\mpir_core2_lib_release\src\mpn\generic\hgcd2_jacobi.obj
c:\users\user\documents\ks\pc_software\numericalprograms\extendednumbertypes\mpir_and_mpfr\mpir\mpir\x64\mpir_core2_lib_release\src\mpn\generic\hgcd2.obj
c:\users\user\documents\ks\pc_software\numericalprograms\extendednumbertypes\mpir_and_mpfr\mpir\mpir\x64\mpir_core2_lib_release\src\mpn\generic\hgcd.obj
c:\users\user\documents\ks\pc_software\numericalprograms\extendednumbertypes\mpir_and_mpfr\mpir\mpir\x64\mpir_core2_lib_release\src\mpn\generic\get_str.obj
c:\users\user\documents\ks\pc_software\numericalprograms\extendednumbertypes\mpir_and_mpfr\mpir\mpir\x64\mpir_core2_lib_release\src\mpn\generic\get_d.obj
c:\users\user\documents\ks\pc_software\numericalprograms\extendednumbertypes\mpir_and_mpfr\mpir\mpir\x64\mpir_core2_lib_release\src\mpn\generic\gcd_subdiv_step.obj
c:\users\user\documents\ks\pc_software\numericalprograms\extendednumbertypes\mpir_and_mpfr\mpir\mpir\x64\mpir_core2_lib_release\src\mpn\generic\gcd_1.obj
c:\users\user\documents\ks\pc_software\numericalprograms\extendednumbertypes\mpir_and_mpfr\mpir\mpir\x64\mpir_core2_lib_release\src\mpn\generic\gcdext_lehmer.obj
c:\users\user\documents\ks\pc_software\numericalprograms\extendednumbertypes\mpir_and_mpfr\mpir\mpir\x64\mpir_core2_lib_release\src\mpn\generic\gcdext_1.obj
c:\users\user\documents\ks\pc_software\numericalprograms\extendednumbertypes\mpir_and_mpfr\mpir\mpir\x64\mpir_core2_lib_release\src\mpn\generic\gcdext.obj
c:\users\user\documents\ks\pc_software\numericalprograms\extendednumbertypes\mpir_and_mpfr\mpir\mpir\x64\mpir_core2_lib_release\src\mpn\generic\gcd.obj
c:\users\user\documents\ks\pc_software\numericalprograms\extendednumbertypes\mpir_and_mpfr\mpir\mpir\x64\mpir_core2_lib_release\src\mpn\generic\fib_table.obj
c:\users\user\documents\ks\pc_software\numericalprograms\extendednumbertypes\mpir_and_mpfr\mpir\mpir\x64\mpir_core2_lib_release\src\mpn\generic\fib2_ui.obj
c:\users\user\documents\ks\pc_software\numericalprograms\extendednumbertypes\mpir_and_mpfr\mpir\mpir\x64\mpir_core2_lib_release\src\mpn\generic\dump.obj
c:\users\user\documents\ks\pc_software\numericalprograms\extendednumbertypes\mpir_and_mpfr\mpir\mpir\x64\mpir_core2_lib_release\src\mpn\generic\divrem_hensel_r_1.obj
c:\users\user\documents\ks\pc_software\numericalprograms\extendednumbertypes\mpir_and_mpfr\mpir\mpir\x64\mpir_core2_lib_release\src\mpn\generic\divrem_hensel_rsh_qr_1.obj
c:\users\user\documents\ks\pc_software\numericalprograms\extendednumbertypes\mpir_and_mpfr\mpir\mpir\x64\mpir_core2_lib_release\src\mpn\generic\divrem_hensel_qr_1_1.obj
c:\users\user\documents\ks\pc_software\numericalprograms\extendednumbertypes\mpir_and_mpfr\mpir\mpir\x64\mpir_core2_lib_release\src\mpn\generic\mullow_n.obj
c:\users\user\documents\ks\pc_software\numericalprograms\extendednumbertypes\mpir_and_mpfr\mpir\mpir\x64\mpir_core2_lib_release\src\mpn\generic\mullow_basecase.obj
c:\users\user\documents\ks\pc_software\numericalprograms\extendednumbertypes\mpir_and_mpfr\mpir\mpir\x64\mpir_core2_lib_release\src\mpn\generic\mulhigh_n.obj
c:\users\user\documents\ks\pc_software\numericalprograms\extendednumbertypes\mpir_and_mpfr\mpir\mpir\x64\mpir_core2_lib_release\src\mpn\generic\mul.obj
c:\users\user\documents\ks\pc_software\numericalprograms\extendednumbertypes\mpir_and_mpfr\mpir\mpir\x64\mpir_core2_lib_release\src\mpn\generic\mp_bases.obj
c:\users\user\documents\ks\pc_software\numericalprograms\extendednumbertypes\mpir_and_mpfr\mpir\mpir\x64\mpir_core2_lib_release\src\mpn\generic\mod_34lsub1.obj
c:\users\user\documents\ks\pc_software\numericalprograms\extendednumbertypes\mpir_and_mpfr\mpir\mpir\x64\mpir_core2_lib_release\src\mpn\generic\mod_1.obj
c:\users\user\documents\ks\pc_software\numericalprograms\extendednumbertypes\mpir_and_mpfr\mpir\mpir\x64\mpir_core2_lib_release\src\mpn\generic\matrix22_mul1_inverse_vector.obj
c:\users\user\documents\ks\pc_software\numericalprograms\extendednumbertypes\mpir_and_mpfr\mpir\mpir\x64\mpir_core2_lib_release\src\mpn\generic\matrix22_mul.obj
c:\users\user\documents\ks\pc_software\numericalprograms\extendednumbertypes\mpir_and_mpfr\mpir\mpir\x64\mpir_core2_lib_release\src\mpn\generic\jacobi_base.obj
c:\users\user\documents\ks\pc_software\numericalprograms\extendednumbertypes\mpir_and_mpfr\mpir\mpir\x64\mpir_core2_lib_release\src\mpn\generic\jacobi_2.obj
c:\users\user\documents\ks\pc_software\numericalprograms\extendednumbertypes\mpir_and_mpfr\mpir\mpir\x64\mpir_core2_lib_release\src\mpn\generic\jacobi.obj
c:\users\user\documents\ks\pc_software\numericalprograms\extendednumbertypes\mpir_and_mpfr\mpir\mpir\x64\mpir_core2_lib_release\src\mpn\generic\inv_div_qr_n.obj
c:\users\user\documents\ks\pc_software\numericalprograms\extendednumbertypes\mpir_and_mpfr\mpir\mpir\x64\mpir_core2_lib_release\src\mpn\generic\inv_div_qr.obj
c:\users\user\documents\ks\pc_software\numericalprograms\extendednumbertypes\mpir_and_mpfr\mpir\mpir\x64\mpir_core2_lib_release\src\mpn\generic\inv_div_q.obj
c:\users\user\documents\ks\pc_software\numericalprograms\extendednumbertypes\mpir_and_mpfr\mpir\mpir\x64\mpir_core2_lib_release\src\mpn\generic\inv_divappr_q_n.obj
c:\users\user\documents\ks\pc_software\numericalprograms\extendednumbertypes\mpir_and_mpfr\mpir\mpir\x64\mpir_core2_lib_release\src\mpn\generic\inv_divappr_q.obj
c:\users\user\documents\ks\pc_software\numericalprograms\extendednumbertypes\mpir_and_mpfr\mpir\mpir\x64\mpir_core2_lib_release\src\mpn\generic\invert.obj
c:\users\user\documents\ks\pc_software\numericalprograms\extendednumbertypes\mpir_and_mpfr\mpir\mpir\x64\mpir_core2_lib_release\src\mpn\generic\hgcd_step.obj
c:\users\user\documents\ks\pc_software\numericalprograms\extendednumbertypes\mpir_and_mpfr\mpir\mpir\x64\mpir_core2_lib_release\src\mpn\generic\hgcd_reduce.obj
c:\users\user\documents\ks\pc_software\numericalprograms\extendednumbertypes\mpir_and_mpfr\mpir\mpir\x64\mpir_core2_lib_release\src\mpn\generic\rootrem.obj
c:\users\user\documents\ks\pc_software\numericalprograms\extendednumbertypes\mpir_and_mpfr\mpir\mpir\x64\mpir_core2_lib_release\src\mpn\generic\redc_n.obj
c:\users\user\documents\ks\pc_software\numericalprograms\extendednumbertypes\mpir_and_mpfr\mpir\mpir\x64\mpir_core2_lib_release\src\mpn\generic\redc_2.obj
c:\users\user\documents\ks\pc_software\numericalprograms\extendednumbertypes\mpir_and_mpfr\mpir\mpir\x64\mpir_core2_lib_release\src\mpn\generic\randomb.obj
c:\users\user\documents\ks\pc_software\numericalprograms\extendednumbertypes\mpir_and_mpfr\mpir\mpir\x64\mpir_core2_lib_release\src\mpn\generic\random2.obj
c:\users\user\documents\ks\pc_software\numericalprograms\extendednumbertypes\mpir_and_mpfr\mpir\mpir\x64\mpir_core2_lib_release\src\mpn\generic\random.obj
c:\users\user\documents\ks\pc_software\numericalprograms\extendednumbertypes\mpir_and_mpfr\mpir\mpir\x64\mpir_core2_lib_release\src\mpn\generic\preinv_mod_1.obj
c:\users\user\documents\ks\pc_software\numericalprograms\extendednumbertypes\mpir_and_mpfr\mpir\mpir\x64\mpir_core2_lib_release\src\mpn\generic\pow_1.obj
c:\users\user\documents\ks\pc_software\numericalprograms\extendednumbertypes\mpir_and_mpfr\mpir\mpir\x64\mpir_core2_lib_release\src\mpn\generic\powm.obj
c:\users\user\documents\ks\pc_software\numericalprograms\extendednumbertypes\mpir_and_mpfr\mpir\mpir\x64\mpir_core2_lib_release\src\mpn\generic\powlo.obj
c:\users\user\documents\ks\pc_software\numericalprograms\extendednumbertypes\mpir_and_mpfr\mpir\mpir\x64\mpir_core2_lib_release\src\mpn\generic\perfect_square_p.obj
c:\users\user\documents\ks\pc_software\numericalprograms\extendednumbertypes\mpir_and_mpfr\mpir\mpir\x64\mpir_core2_lib_release\src\mpn\generic\nsumdiff_n.obj
c:\users\user\documents\ks\pc_software\numericalprograms\extendednumbertypes\mpir_and_mpfr\mpir\mpir\x64\mpir_core2_lib_release\src\mpn\generic\neg_n.obj
c:\users\user\documents\ks\pc_software\numericalprograms\extendednumbertypes\mpir_and_mpfr\mpir\mpir\x64\mpir_core2_lib_release\src\mpn\generic\mul_n.obj
c:\users\user\documents\ks\pc_software\numericalprograms\extendednumbertypes\mpir_and_mpfr\mpir\mpir\x64\mpir_core2_lib_release\src\mpn\generic\mul_fft.obj
c:\users\user\documents\ks\pc_software\numericalprograms\extendednumbertypes\mpir_and_mpfr\mpir\mpir\x64\mpir_core2_lib_release\src\mpn\generic\mulmod_bexpp1.obj
c:\users\user\documents\ks\pc_software\numericalprograms\extendednumbertypes\mpir_and_mpfr\mpir\mpir\x64\mpir_core2_lib_release\src\mpn\generic\mulmod_2expp1_basecase.obj
c:\users\user\documents\ks\pc_software\numericalprograms\extendednumbertypes\mpir_and_mpfr\mpir\mpir\x64\mpir_core2_lib_release\src\mpn\generic\mulmod_2expm1.obj
c:\users\user\documents\ks\pc_software\numericalprograms\extendednumbertypes\mpir_and_mpfr\mpir\mpir\x64\mpir_core2_lib_release\src\mpn\generic\mulmid_n.obj
c:\users\user\documents\ks\pc_software\numericalprograms\extendednumbertypes\mpir_and_mpfr\mpir\mpir\x64\mpir_core2_lib_release\src\mpn\generic\mulmid.obj
c:\users\user\documents\ks\pc_software\numericalprograms\extendednumbertypes\mpir_and_mpfr\mpir\mpir\x64\mpir_core2_lib_release\src\mpn\generic\toom3_mul_n.obj
c:\users\user\documents\ks\pc_software\numericalprograms\extendednumbertypes\mpir_and_mpfr\mpir\mpir\x64\mpir_core2_lib_release\src\mpn\generic\toom3_mul.obj
c:\users\user\documents\ks\pc_software\numericalprograms\extendednumbertypes\mpir_and_mpfr\mpir\mpir\x64\mpir_core2_lib_release\src\mpn\generic\tdiv_qr.obj
c:\users\user\documents\ks\pc_software\numericalprograms\extendednumbertypes\mpir_and_mpfr\mpir\mpir\x64\mpir_core2_lib_release\src\mpn\generic\tdiv_q.obj
c:\users\user\documents\ks\pc_software\numericalprograms\extendednumbertypes\mpir_and_mpfr\mpir\mpir\x64\mpir_core2_lib_release\src\mpn\generic\sub_1.obj
c:\users\user\documents\ks\pc_software\numericalprograms\extendednumbertypes\mpir_and_mpfr\mpir\mpir\x64\mpir_core2_lib_release\src\mpn\generic\sub.obj
c:\users\user\documents\ks\pc_software\numericalprograms\extendednumbertypes\mpir_and_mpfr\mpir\mpir\x64\mpir_core2_lib_release\src\mpn\generic\sqrtrem.obj
c:\users\user\documents\ks\pc_software\numericalprograms\extendednumbertypes\mpir_and_mpfr\mpir\mpir\x64\mpir_core2_lib_release\src\mpn\generic\sizeinbase.obj
c:\users\user\documents\ks\pc_software\numericalprograms\extendednumbertypes\mpir_and_mpfr\mpir\mpir\x64\mpir_core2_lib_release\src\mpn\generic\set_str.obj
c:\users\user\documents\ks\pc_software\numericalprograms\extendednumbertypes\mpir_and_mpfr\mpir\mpir\x64\mpir_core2_lib_release\src\mpn\generic\scan1.obj
c:\users\user\documents\ks\pc_software\numericalprograms\extendednumbertypes\mpir_and_mpfr\mpir\mpir\x64\mpir_core2_lib_release\src\mpn\generic\scan0.obj
c:\users\user\documents\ks\pc_software\numericalprograms\extendednumbertypes\mpir_and_mpfr\mpir\mpir\x64\mpir_core2_lib_release\src\mpn\generic\sb_div_qr.obj
c:\users\user\documents\ks\pc_software\numericalprograms\extendednumbertypes\mpir_and_mpfr\mpir\mpir\x64\mpir_core2_lib_release\src\mpn\generic\sb_div_q.obj
c:\users\user\documents\ks\pc_software\numericalprograms\extendednumbertypes\mpir_and_mpfr\mpir\mpir\x64\mpir_core2_lib_release\src\mpn\generic\sb_divappr_q.obj
c:\users\user\documents\ks\pc_software\numericalprograms\extendednumbertypes\mpir_and_mpfr\mpir\mpir\x64\mpir_core2_lib_release\src\mpn\generic\sb_bdiv_qr.obj
c:\users\user\documents\ks\pc_software\numericalprograms\extendednumbertypes\mpir_and_mpfr\mpir\mpir\x64\mpir_core2_lib_release\src\mpn\generic\sb_bdiv_q.obj
c:\users\user\documents\ks\pc_software\numericalprograms\extendednumbertypes\mpir_and_mpfr\mpir\mpir\x64\mpir_core2_lib_release\src\mpn\generic\rsh_divrem_hensel_qr_1_1.obj
c:\users\user\documents\ks\pc_software\numericalprograms\extendednumbertypes\mpir_and_mpfr\mpir\mpir\x64\mpir_core2_lib_release\src\mpn\generic\rsh_divrem_hensel_qr_1.obj
c:\users\user\documents\ks\pc_software\numericalprograms\extendednumbertypes\mpir_and_mpfr\mpir\mpir\x64\mpir_core2_lib_release\src\mpn\generic\rrandom.obj
c:\users\user\documents\ks\pc_software\numericalprograms\extendednumbertypes\mpir_and_mpfr\mpir\mpir\x64\mpir_core2_lib_release\src\mpn\generic\rootrem_basecase.obj
c:\users\user\documents\ks\pc_software\numericalprograms\extendednumbertypes\mpir_and_mpfr\mpir\mpir\x64\mpir_core2_lib_release\src\mpn\generic\zero.obj
c:\users\user\documents\ks\pc_software\numericalprograms\extendednumbertypes\mpir_and_mpfr\mpir\mpir\x64\mpir_core2_lib_release\src\mpn\generic\urandomm.obj
c:\users\user\documents\ks\pc_software\numericalprograms\extendednumbertypes\mpir_and_mpfr\mpir\mpir\x64\mpir_core2_lib_release\src\mpn\generic\urandomb.obj
c:\users\user\documents\ks\pc_software\numericalprograms\extendednumbertypes\mpir_and_mpfr\mpir\mpir\x64\mpir_core2_lib_release\src\mpn\generic\toom_interpolate_16pts.obj
c:\users\user\documents\ks\pc_software\numericalprograms\extendednumbertypes\mpir_and_mpfr\mpir\mpir\x64\mpir_core2_lib_release\src\mpn\generic\toom_eval_pm2rexp.obj
c:\users\user\documents\ks\pc_software\numericalprograms\extendednumbertypes\mpir_and_mpfr\mpir\mpir\x64\mpir_core2_lib_release\src\mpn\generic\toom_eval_pm2exp.obj
c:\users\user\documents\ks\pc_software\numericalprograms\extendednumbertypes\mpir_and_mpfr\mpir\mpir\x64\mpir_core2_lib_release\src\mpn\generic\toom_eval_pm2.obj
c:\users\user\documents\ks\pc_software\numericalprograms\extendednumbertypes\mpir_and_mpfr\mpir\mpir\x64\mpir_core2_lib_release\src\mpn\generic\toom_eval_pm1.obj
c:\users\user\documents\ks\pc_software\numericalprograms\extendednumbertypes\mpir_and_mpfr\mpir\mpir\x64\mpir_core2_lib_release\src\mpn\generic\toom_eval_dgr3_pm2.obj
c:\users\user\documents\ks\pc_software\numericalprograms\extendednumbertypes\mpir_and_mpfr\mpir\mpir\x64\mpir_core2_lib_release\src\mpn\generic\toom_eval_dgr3_pm1.obj
c:\users\user\documents\ks\pc_software\numericalprograms\extendednumbertypes\mpir_and_mpfr\mpir\mpir\x64\mpir_core2_lib_release\src\mpn\generic\toom_couple_handling.obj
c:\users\user\documents\ks\pc_software\numericalprograms\extendednumbertypes\mpir_and_mpfr\mpir\mpir\x64\mpir_core2_lib_release\src\mpn\generic\toom8_sqr_n.obj
c:\users\user\documents\ks\pc_software\numericalprograms\extendednumbertypes\mpir_and_mpfr\mpir\mpir\x64\mpir_core2_lib_release\src\mpn\generic\toom8h_mul.obj
c:\users\user\documents\ks\pc_software\numericalprograms\extendednumbertypes\mpir_and_mpfr\mpir\mpir\x64\mpir_core2_lib_release\src\mpn\generic\toom4_mul_n.obj
c:\users\user\documents\ks\pc_software\numericalprograms\extendednumbertypes\mpir_and_mpfr\mpir\mpir\x64\mpir_core2_lib_release\src\mpn\generic\toom4_mul.obj
c:\users\user\documents\ks\pc_software\numericalprograms\extendednumbertypes\mpir_and_mpfr\mpir\mpir\x64\mpir_core2_lib_release\src\mpn\generic\toom42_mulmid.obj
c:\users\user\documents\ks\pc_software\numericalprograms\extendednumbertypes\mpir_and_mpfr\mpir\mpir\x64\mpir_core2_lib_release\src\mpq\mul.obj
c:\users\user\documents\ks\pc_software\numericalprograms\extendednumbertypes\mpir_and_mpfr\mpir\mpir\x64\mpir_core2_lib_release\src\mpq\md_2exp.obj
c:\users\user\documents\ks\pc_software\numericalprograms\extendednumbertypes\mpir_and_mpfr\mpir\mpir\x64\mpir_core2_lib_release\src\mpq\inv.obj
c:\users\user\documents\ks\pc_software\numericalprograms\extendednumbertypes\mpir_and_mpfr\mpir\mpir\x64\mpir_core2_lib_release\src\mpq\inp_str.obj
c:\users\user\documents\ks\pc_software\numericalprograms\extendednumbertypes\mpir_and_mpfr\mpir\mpir\x64\mpir_core2_lib_release\src\mpq\inits.obj
c:\users\user\documents\ks\pc_software\numericalprograms\extendednumbertypes\mpir_and_mpfr\mpir\mpir\x64\mpir_core2_lib_release\src\mpq\init.obj
c:\users\user\documents\ks\pc_software\numericalprograms\extendednumbertypes\mpir_and_mpfr\mpir\mpir\x64\mpir_core2_lib_release\src\mpq\get_str.obj
c:\users\user\documents\ks\pc_software\numericalprograms\extendednumbertypes\mpir_and_mpfr\mpir\mpir\x64\mpir_core2_lib_release\src\mpq\get_num.obj
c:\users\user\documents\ks\pc_software\numericalprograms\extendednumbertypes\mpir_and_mpfr\mpir\mpir\x64\mpir_core2_lib_release\src\mpq\get_den.obj
c:\users\user\documents\ks\pc_software\numericalprograms\extendednumbertypes\mpir_and_mpfr\mpir\mpir\x64\mpir_core2_lib_release\src\mpq\get_d.obj
c:\users\user\documents\ks\pc_software\numericalprograms\extendednumbertypes\mpir_and_mpfr\mpir\mpir\x64\mpir_core2_lib_release\src\mpq\equal.obj
c:\users\user\documents\ks\pc_software\numericalprograms\extendednumbertypes\mpir_and_mpfr\mpir\mpir\x64\mpir_core2_lib_release\src\mpq\div.obj
c:\users\user\documents\ks\pc_software\numericalprograms\extendednumbertypes\mpir_and_mpfr\mpir\mpir\x64\mpir_core2_lib_release\src\mpq\cmp_ui.obj
c:\users\user\documents\ks\pc_software\numericalprograms\extendednumbertypes\mpir_and_mpfr\mpir\mpir\x64\mpir_core2_lib_release\src\mpq\cmp_si.obj
c:\users\user\documents\ks\pc_software\numericalprograms\extendednumbertypes\mpir_and_mpfr\mpir\mpir\x64\mpir_core2_lib_release\src\mpq\cmp.obj
c:\users\user\documents\ks\pc_software\numericalprograms\extendednumbertypes\mpir_and_mpfr\mpir\mpir\x64\mpir_core2_lib_release\src\mpq\clears.obj
c:\users\user\documents\ks\pc_software\numericalprograms\extendednumbertypes\mpir_and_mpfr\mpir\mpir\x64\mpir_core2_lib_release\src\mpq\clear.obj
c:\users\user\documents\ks\pc_software\numericalprograms\extendednumbertypes\mpir_and_mpfr\mpir\mpir\x64\mpir_core2_lib_release\src\mpq\canonicalize.obj
c:\users\user\documents\ks\pc_software\numericalprograms\extendednumbertypes\mpir_and_mpfr\mpir\mpir\x64\mpir_core2_lib_release\src\mpq\aors.obj
c:\users\user\documents\ks\pc_software\numericalprograms\extendednumbertypes\mpir_and_mpfr\mpir\mpir\x64\mpir_core2_lib_release\src\mpq\abs.obj
c:\users\user\documents\ks\pc_software\numericalprograms\extendednumbertypes\mpir_and_mpfr\mpir\mpir\x64\mpir_core2_lib_release\src\mpq\swap.obj
c:\users\user\documents\ks\pc_software\numericalprograms\extendednumbertypes\mpir_and_mpfr\mpir\mpir\x64\mpir_core2_lib_release\src\mpq\set_z.obj
c:\users\user\documents\ks\pc_software\numericalprograms\extendednumbertypes\mpir_and_mpfr\mpir\mpir\x64\mpir_core2_lib_release\src\mpq\set_ui.obj
c:\users\user\documents\ks\pc_software\numericalprograms\extendednumbertypes\mpir_and_mpfr\mpir\mpir\x64\mpir_core2_lib_release\src\mpq\set_str.obj
c:\users\user\documents\ks\pc_software\numericalprograms\extendednumbertypes\mpir_and_mpfr\mpir\mpir\x64\mpir_core2_lib_release\src\mpq\set_si.obj
c:\users\user\documents\ks\pc_software\numericalprograms\extendednumbertypes\mpir_and_mpfr\mpir\mpir\x64\mpir_core2_lib_release\src\mpq\set_num.obj
c:\users\user\documents\ks\pc_software\numericalprograms\extendednumbertypes\mpir_and_mpfr\mpir\mpir\x64\mpir_core2_lib_release\src\mpq\set_f.obj
c:\users\user\documents\ks\pc_software\numericalprograms\extendednumbertypes\mpir_and_mpfr\mpir\mpir\x64\mpir_core2_lib_release\src\mpq\set_den.obj
c:\users\user\documents\ks\pc_software\numericalprograms\extendednumbertypes\mpir_and_mpfr\mpir\mpir\x64\mpir_core2_lib_release\src\mpq\set_d.obj
c:\users\user\documents\ks\pc_software\numericalprograms\extendednumbertypes\mpir_and_mpfr\mpir\mpir\x64\mpir_core2_lib_release\src\mpq\set.obj
c:\users\user\documents\ks\pc_software\numericalprograms\extendednumbertypes\mpir_and_mpfr\mpir\mpir\x64\mpir_core2_lib_release\src\mpq\out_str.obj
c:\users\user\documents\ks\pc_software\numericalprograms\extendednumbertypes\mpir_and_mpfr\mpir\mpir\x64\mpir_core2_lib_release\src\mpq\neg.obj
c:\users\user\documents\ks\pc_software\numericalprograms\extendednumbertypes\mpir_and_mpfr\mpir\mpir\x64\mpir_core2_lib_release\src\mpz\clear.obj
c:\users\user\documents\ks\pc_software\numericalprograms\extendednumbertypes\mpir_and_mpfr\mpir\mpir\x64\mpir_core2_lib_release\src\mpz\cfdiv_r_2exp.obj
c:\users\user\documents\ks\pc_software\numericalprograms\extendednumbertypes\mpir_and_mpfr\mpir\mpir\x64\mpir_core2_lib_release\src\mpz\cfdiv_q_2exp.obj
c:\users\user\documents\ks\pc_software\numericalprograms\extendednumbertypes\mpir_and_mpfr\mpir\mpir\x64\mpir_core2_lib_release\src\mpz\cdiv_ui.obj
c:\users\user\documents\ks\pc_software\numericalprograms\extendednumbertypes\mpir_and_mpfr\mpir\mpir\x64\mpir_core2_lib_release\src\mpz\cdiv_r_ui.obj
c:\users\user\documents\ks\pc_software\numericalprograms\extendednumbertypes\mpir_and_mpfr\mpir\mpir\x64\mpir_core2_lib_release\src\mpz\cdiv_r.obj
c:\users\user\documents\ks\pc_software\numericalprograms\extendednumbertypes\mpir_and_mpfr\mpir\mpir\x64\mpir_core2_lib_release\src\mpz\cdiv_q_ui.obj
c:\users\user\documents\ks\pc_software\numericalprograms\extendednumbertypes\mpir_and_mpfr\mpir\mpir\x64\mpir_core2_lib_release\src\mpz\cdiv_qr_ui.obj
c:\users\user\documents\ks\pc_software\numericalprograms\extendednumbertypes\mpir_and_mpfr\mpir\mpir\x64\mpir_core2_lib_release\src\mpz\cdiv_qr.obj
c:\users\user\documents\ks\pc_software\numericalprograms\extendednumbertypes\mpir_and_mpfr\mpir\mpir\x64\mpir_core2_lib_release\src\mpz\cdiv_q.obj
c:\users\user\documents\ks\pc_software\numericalprograms\extendednumbertypes\mpir_and_mpfr\mpir\mpir\x64\mpir_core2_lib_release\src\mpz\bin_uiui.obj
c:\users\user\documents\ks\pc_software\numericalprograms\extendednumbertypes\mpir_and_mpfr\mpir\mpir\x64\mpir_core2_lib_release\src\mpz\bin_ui.obj
c:\users\user\documents\ks\pc_software\numericalprograms\extendednumbertypes\mpir_and_mpfr\mpir\mpir\x64\mpir_core2_lib_release\src\mpz\array_init.obj
c:\users\user\documents\ks\pc_software\numericalprograms\extendednumbertypes\mpir_and_mpfr\mpir\mpir\x64\mpir_core2_lib_release\src\mpz\aorsmul_i.obj
c:\users\user\documents\ks\pc_software\numericalprograms\extendednumbertypes\mpir_and_mpfr\mpir\mpir\x64\mpir_core2_lib_release\src\mpz\aorsmul.obj
c:\users\user\documents\ks\pc_software\numericalprograms\extendednumbertypes\mpir_and_mpfr\mpir\mpir\x64\mpir_core2_lib_release\src\mpz\and.obj
c:\users\user\documents\ks\pc_software\numericalprograms\extendednumbertypes\mpir_and_mpfr\mpir\mpir\x64\mpir_core2_lib_release\src\mpz\add_ui.obj
c:\users\user\documents\ks\pc_software\numericalprograms\extendednumbertypes\mpir_and_mpfr\mpir\mpir\x64\mpir_core2_lib_release\src\mpz\add.obj
c:\users\user\documents\ks\pc_software\numericalprograms\extendednumbertypes\mpir_and_mpfr\mpir\mpir\x64\mpir_core2_lib_release\src\mpz\abs.obj
c:\users\user\documents\ks\pc_software\numericalprograms\extendednumbertypes\mpir_and_mpfr\mpir\mpir\x64\mpir_core2_lib_release\src\mpz\2fac_ui.obj
c:\users\user\documents\ks\pc_software\numericalprograms\extendednumbertypes\mpir_and_mpfr\mpir\mpir\x64\mpir_core2_lib_release\src\mpz\divis_ui.obj
c:\users\user\documents\ks\pc_software\numericalprograms\extendednumbertypes\mpir_and_mpfr\mpir\mpir\x64\mpir_core2_lib_release\src\mpz\divis_2exp.obj
c:\users\user\documents\ks\pc_software\numericalprograms\extendednumbertypes\mpir_and_mpfr\mpir\mpir\x64\mpir_core2_lib_release\src\mpz\divis.obj
c:\users\user\documents\ks\pc_software\numericalprograms\extendednumbertypes\mpir_and_mpfr\mpir\mpir\x64\mpir_core2_lib_release\src\mpz\dive_ui.obj
c:\users\user\documents\ks\pc_software\numericalprograms\extendednumbertypes\mpir_and_mpfr\mpir\mpir\x64\mpir_core2_lib_release\src\mpz\divexact.obj
c:\users\user\documents\ks\pc_software\numericalprograms\extendednumbertypes\mpir_and_mpfr\mpir\mpir\x64\mpir_core2_lib_release\src\mpz\divegcd.obj
c:\users\user\documents\ks\pc_software\numericalprograms\extendednumbertypes\mpir_and_mpfr\mpir\mpir\x64\mpir_core2_lib_release\src\mpz\cong_ui.obj
c:\users\user\documents\ks\pc_software\numericalprograms\extendednumbertypes\mpir_and_mpfr\mpir\mpir\x64\mpir_core2_lib_release\src\mpz\cong_2exp.obj
c:\users\user\documents\ks\pc_software\numericalprograms\extendednumbertypes\mpir_and_mpfr\mpir\mpir\x64\mpir_core2_lib_release\src\mpz\cong.obj
c:\users\user\documents\ks\pc_software\numericalprograms\extendednumbertypes\mpir_and_mpfr\mpir\mpir\x64\mpir_core2_lib_release\src\mpz\combit.obj
c:\users\user\documents\ks\pc_software\numericalprograms\extendednumbertypes\mpir_and_mpfr\mpir\mpir\x64\mpir_core2_lib_release\src\mpz\com.obj
c:\users\user\documents\ks\pc_software\numericalprograms\extendednumbertypes\mpir_and_mpfr\mpir\mpir\x64\mpir_core2_lib_release\src\mpz\cmp_ui.obj
c:\users\user\documents\ks\pc_software\numericalprograms\extendednumbertypes\mpir_and_mpfr\mpir\mpir\x64\mpir_core2_lib_release\src\mpz\cmp_si.obj
c:\users\user\documents\ks\pc_software\numericalprograms\extendednumbertypes\mpir_and_mpfr\mpir\mpir\x64\mpir_core2_lib_release\src\mpz\cmp_d.obj
c:\users\user\documents\ks\pc_software\numericalprograms\extendednumbertypes\mpir_and_mpfr\mpir\mpir\x64\mpir_core2_lib_release\src\mpz\cmpabs_ui.obj
c:\users\user\documents\ks\pc_software\numericalprograms\extendednumbertypes\mpir_and_mpfr\mpir\mpir\x64\mpir_core2_lib_release\src\mpz\cmpabs_d.obj
c:\users\user\documents\ks\pc_software\numericalprograms\extendednumbertypes\mpir_and_mpfr\mpir\mpir\x64\mpir_core2_lib_release\src\mpz\cmpabs.obj
c:\users\user\documents\ks\pc_software\numericalprograms\extendednumbertypes\mpir_and_mpfr\mpir\mpir\x64\mpir_core2_lib_release\src\mpz\cmp.obj
c:\users\user\documents\ks\pc_software\numericalprograms\extendednumbertypes\mpir_and_mpfr\mpir\mpir\x64\mpir_core2_lib_release\src\mpz\clrbit.obj
c:\users\user\documents\ks\pc_software\numericalprograms\extendednumbertypes\mpir_and_mpfr\mpir\mpir\x64\mpir_core2_lib_release\src\mpz\clears.obj
c:\users\user\documents\ks\pc_software\numericalprograms\extendednumbertypes\mpir_and_mpfr\mpir\mpir\x64\mpir_core2_lib_release\src\mpz\fits_ushort.obj
c:\users\user\documents\ks\pc_software\numericalprograms\extendednumbertypes\mpir_and_mpfr\mpir\mpir\x64\mpir_core2_lib_release\src\mpz\fits_ulong.obj
c:\users\user\documents\ks\pc_software\numericalprograms\extendednumbertypes\mpir_and_mpfr\mpir\mpir\x64\mpir_core2_lib_release\src\mpz\fits_uint.obj
c:\users\user\documents\ks\pc_software\numericalprograms\extendednumbertypes\mpir_and_mpfr\mpir\mpir\x64\mpir_core2_lib_release\src\mpz\fits_ui.obj
c:\users\user\documents\ks\pc_software\numericalprograms\extendednumbertypes\mpir_and_mpfr\mpir\mpir\x64\mpir_core2_lib_release\src\mpz\fits_sshort.obj
c:\users\user\documents\ks\pc_software\numericalprograms\extendednumbertypes\mpir_and_mpfr\mpir\mpir\x64\mpir_core2_lib_release\src\mpz\fits_slong.obj
c:\users\user\documents\ks\pc_software\numericalprograms\extendednumbertypes\mpir_and_mpfr\mpir\mpir\x64\mpir_core2_lib_release\src\mpz\fits_sint.obj
c:\users\user\documents\ks\pc_software\numericalprograms\extendednumbertypes\mpir_and_mpfr\mpir\mpir\x64\mpir_core2_lib_release\src\mpz\fits_si.obj
c:\users\user\documents\ks\pc_software\numericalprograms\extendednumbertypes\mpir_and_mpfr\mpir\mpir\x64\mpir_core2_lib_release\src\mpz\fib_ui.obj
c:\users\user\documents\ks\pc_software\numericalprograms\extendednumbertypes\mpir_and_mpfr\mpir\mpir\x64\mpir_core2_lib_release\src\mpz\fib2_ui.obj
c:\users\user\documents\ks\pc_software\numericalprograms\extendednumbertypes\mpir_and_mpfr\mpir\mpir\x64\mpir_core2_lib_release\src\mpz\fdiv_ui.obj
c:\users\user\documents\ks\pc_software\numericalprograms\extendednumbertypes\mpir_and_mpfr\mpir\mpir\x64\mpir_core2_lib_release\src\mpz\fdiv_r_ui.obj
c:\users\user\documents\ks\pc_software\numericalprograms\extendednumbertypes\mpir_and_mpfr\mpir\mpir\x64\mpir_core2_lib_release\src\mpz\fdiv_r.obj
c:\users\user\documents\ks\pc_software\numericalprograms\extendednumbertypes\mpir_and_mpfr\mpir\mpir\x64\mpir_core2_lib_release\src\mpz\fdiv_q_ui.obj
c:\users\user\documents\ks\pc_software\numericalprograms\extendednumbertypes\mpir_and_mpfr\mpir\mpir\x64\mpir_core2_lib_release\src\mpz\fdiv_qr_ui.obj
c:\users\user\documents\ks\pc_software\numericalprograms\extendednumbertypes\mpir_and_mpfr\mpir\mpir\x64\mpir_core2_lib_release\src\mpz\fdiv_qr.obj
c:\users\user\documents\ks\pc_software\numericalprograms\extendednumbertypes\mpir_and_mpfr\mpir\mpir\x64\mpir_core2_lib_release\src\mpz\fdiv_q.obj
c:\users\user\documents\ks\pc_software\numericalprograms\extendednumbertypes\mpir_and_mpfr\mpir\mpir\x64\mpir_core2_lib_release\src\mpz\fac_ui.obj
c:\users\user\documents\ks\pc_software\numericalprograms\extendednumbertypes\mpir_and_mpfr\mpir\mpir\x64\mpir_core2_lib_release\src\mpz\export.obj
c:\users\user\documents\ks\pc_software\numericalprograms\extendednumbertypes\mpir_and_mpfr\mpir\mpir\x64\mpir_core2_lib_release\src\mpz\dump.obj
c:\users\user\documents\ks\pc_software\numericalprograms\extendednumbertypes\mpir_and_mpfr\mpir\mpir\x64\mpir_core2_lib_release\src\mpz\ior.obj
c:\users\user\documents\ks\pc_software\numericalprograms\extendednumbertypes\mpir_and_mpfr\mpir\mpir\x64\mpir_core2_lib_release\src\mpz\invert.obj
c:\users\user\documents\ks\pc_software\numericalprograms\extendednumbertypes\mpir_and_mpfr\mpir\mpir\x64\mpir_core2_lib_release\src\mpz\inp_str.obj
c:\users\user\documents\ks\pc_software\numericalprograms\extendednumbertypes\mpir_and_mpfr\mpir\mpir\x64\mpir_core2_lib_release\src\mpz\inp_raw.obj
c:\users\user\documents\ks\pc_software\numericalprograms\extendednumbertypes\mpir_and_mpfr\mpir\mpir\x64\mpir_core2_lib_release\src\mpz\inits.obj
c:\users\user\documents\ks\pc_software\numericalprograms\extendednumbertypes\mpir_and_mpfr\mpir\mpir\x64\mpir_core2_lib_release\src\mpz\init2.obj
c:\users\user\documents\ks\pc_software\numericalprograms\extendednumbertypes\mpir_and_mpfr\mpir\mpir\x64\mpir_core2_lib_release\src\mpz\init.obj
c:\users\user\documents\ks\pc_software\numericalprograms\extendednumbertypes\mpir_and_mpfr\mpir\mpir\x64\mpir_core2_lib_release\src\mpz\import.obj
c:\users\user\documents\ks\pc_software\numericalprograms\extendednumbertypes\mpir_and_mpfr\mpir\mpir\x64\mpir_core2_lib_release\src\mpz\hamdist.obj
c:\users\user\documents\ks\pc_software\numericalprograms\extendednumbertypes\mpir_and_mpfr\mpir\mpir\x64\mpir_core2_lib_release\src\mpz\get_ux.obj
c:\users\user\documents\ks\pc_software\numericalprograms\extendednumbertypes\mpir_and_mpfr\mpir\mpir\x64\mpir_core2_lib_release\src\mpz\get_ui.obj
c:\users\user\documents\ks\pc_software\numericalprograms\extendednumbertypes\mpir_and_mpfr\mpir\mpir\x64\mpir_core2_lib_release\src\mpz\get_sx.obj
c:\users\user\documents\ks\pc_software\numericalprograms\extendednumbertypes\mpir_and_mpfr\mpir\mpir\x64\mpir_core2_lib_release\src\mpz\get_str.obj
c:\users\user\documents\ks\pc_software\numericalprograms\extendednumbertypes\mpir_and_mpfr\mpir\mpir\x64\mpir_core2_lib_release\src\mpz\get_si.obj
c:\users\user\documents\ks\pc_software\numericalprograms\extendednumbertypes\mpir_and_mpfr\mpir\mpir\x64\mpir_core2_lib_release\src\mpz\get_d_2exp.obj
c:\users\user\documents\ks\pc_software\numericalprograms\extendednumbertypes\mpir_and_mpfr\mpir\mpir\x64\mpir_core2_lib_release\src\mpz\get_d.obj
c:\users\user\documents\ks\pc_software\numericalprograms\extendednumbertypes\mpir_and_mpfr\mpir\mpir\x64\mpir_core2_lib_release\src\mpz\getlimbn.obj
c:\users\user\documents\ks\pc_software\numericalprograms\extendednumbertypes\mpir_and_mpfr\mpir\mpir\x64\mpir_core2_lib_release\src\mpz\gcd_ui.obj
c:\users\user\documents\ks\pc_software\numericalprograms\extendednumbertypes\mpir_and_mpfr\mpir\mpir\x64\mpir_core2_lib_release\src\mpz\gcdext.obj
c:\users\user\documents\ks\pc_software\numericalprograms\extendednumbertypes\mpir_and_mpfr\mpir\mpir\x64\mpir_core2_lib_release\src\mpz\gcd.obj
c:\users\user\documents\ks\pc_software\numericalprograms\extendednumbertypes\mpir_and_mpfr\mpir\mpir\x64\mpir_core2_lib_release\src\mpz\lucnum2_ui.obj
c:\users\user\documents\ks\pc_software\numericalprograms\extendednumbertypes\mpir_and_mpfr\mpir\mpir\x64\mpir_core2_lib_release\src\mpz\limbs_write.obj
c:\users\user\documents\ks\pc_software\numericalprograms\extendednumbertypes\mpir_and_mpfr\mpir\mpir\x64\mpir_core2_lib_release\src\mpz\limbs_read.obj
c:\users\user\documents\ks\pc_software\numericalprograms\extendednumbertypes\mpir_and_mpfr\mpir\mpir\x64\mpir_core2_lib_release\src\mpz\limbs_modify.obj
c:\users\user\documents\ks\pc_software\numericalprograms\extendednumbertypes\mpir_and_mpfr\mpir\mpir\x64\mpir_core2_lib_release\src\mpz\limbs_finish.obj
c:\users\user\documents\ks\pc_software\numericalprograms\extendednumbertypes\mpir_and_mpfr\mpir\mpir\x64\mpir_core2_lib_release\src\mpz\likely_prime_p.obj
c:\users\user\documents\ks\pc_software\numericalprograms\extendednumbertypes\mpir_and_mpfr\mpir\mpir\x64\mpir_core2_lib_release\src\mpz\lcm_ui.obj
c:\users\user\documents\ks\pc_software\numericalprograms\extendednumbertypes\mpir_and_mpfr\mpir\mpir\x64\mpir_core2_lib_release\src\mpz\lcm.obj
c:\users\user\documents\ks\pc_software\numericalprograms\extendednumbertypes\mpir_and_mpfr\mpir\mpir\x64\mpir_core2_lib_release\src\mpz\kronzu.obj
c:\users\user\documents\ks\pc_software\numericalprograms\extendednumbertypes\mpir_and_mpfr\mpir\mpir\x64\mpir_core2_lib_release\src\mpz\kronzs.obj
c:\users\user\documents\ks\pc_software\numericalprograms\extendednumbertypes\mpir_and_mpfr\mpir\mpir\x64\mpir_core2_lib_release\src\mpz\kronuz.obj
c:\users\user\documents\ks\pc_software\numericalprograms\extendednumbertypes\mpir_and_mpfr\mpir\mpir\x64\mpir_core2_lib_release\src\mpz\kronsz.obj
c:\users\user\documents\ks\pc_software\numericalprograms\extendednumbertypes\mpir_and_mpfr\mpir\mpir\x64\mpir_core2_lib_release\src\mpz\jacobi.obj
c:\users\user\documents\ks\pc_software\numericalprograms\extendednumbertypes\mpir_and_mpfr\mpir\mpir\x64\mpir_core2_lib_release\src\mpz\iset_ux.obj
c:\users\user\documents\ks\pc_software\numericalprograms\extendednumbertypes\mpir_and_mpfr\mpir\mpir\x64\mpir_core2_lib_release\src\mpz\iset_ui.obj
c:\users\user\documents\ks\pc_software\numericalprograms\extendednumbertypes\mpir_and_mpfr\mpir\mpir\x64\mpir_core2_lib_release\src\mpz\iset_sx.obj
c:\users\user\documents\ks\pc_software\numericalprograms\extendednumbertypes\mpir_and_mpfr\mpir\mpir\x64\mpir_core2_lib_release\src\mpz\iset_str.obj
c:\users\user\documents\ks\pc_software\numericalprograms\extendednumbertypes\mpir_and_mpfr\mpir\mpir\x64\mpir_core2_lib_release\src\mpz\iset_si.obj
c:\users\user\documents\ks\pc_software\numericalprograms\extendednumbertypes\mpir_and_mpfr\mpir\mpir\x64\mpir_core2_lib_release\src\mpz\iset_d.obj
c:\users\user\documents\ks\pc_software\numericalprograms\extendednumbertypes\mpir_and_mpfr\mpir\mpir\x64\mpir_core2_lib_release\src\mpz\iset.obj
c:\users\user\documents\ks\pc_software\numericalprograms\extendednumbertypes\mpir_and_mpfr\mpir\mpir\x64\mpir_core2_lib_release\src\mpz\popcount.obj
c:\users\user\documents\ks\pc_software\numericalprograms\extendednumbertypes\mpir_and_mpfr\mpir\mpir\x64\mpir_core2_lib_release\src\mpz\perfsqr.obj
c:\users\user\documents\ks\pc_software\numericalprograms\extendednumbertypes\mpir_and_mpfr\mpir\mpir\x64\mpir_core2_lib_release\src\mpz\perfpow.obj
c:\users\user\documents\ks\pc_software\numericalprograms\extendednumbertypes\mpir_and_mpfr\mpir\mpir\x64\mpir_core2_lib_release\src\mpz\out_str.obj
c:\users\user\documents\ks\pc_software\numericalprograms\extendednumbertypes\mpir_and_mpfr\mpir\mpir\x64\mpir_core2_lib_release\src\mpz\out_raw.obj
c:\users\user\documents\ks\pc_software\numericalprograms\extendednumbertypes\mpir_and_mpfr\mpir\mpir\x64\mpir_core2_lib_release\src\mpz\oddfac_1.obj
c:\users\user\documents\ks\pc_software\numericalprograms\extendednumbertypes\mpir_and_mpfr\mpir\mpir\x64\mpir_core2_lib_release\src\mpz\n_pow_ui.obj
c:\users\user\documents\ks\pc_software\numericalprograms\extendednumbertypes\mpir_and_mpfr\mpir\mpir\x64\mpir_core2_lib_release\src\mpz\nthroot.obj
c:\users\user\documents\ks\pc_software\numericalprograms\extendednumbertypes\mpir_and_mpfr\mpir\mpir\x64\mpir_core2_lib_release\src\mpz\next_prime_candidate.obj
c:\users\user\documents\ks\pc_software\numericalprograms\extendednumbertypes\mpir_and_mpfr\mpir\mpir\x64\mpir_core2_lib_release\src\mpz\nextprime.obj
c:\users\user\documents\ks\pc_software\numericalprograms\extendednumbertypes\mpir_and_mpfr\mpir\mpir\x64\mpir_core2_lib_release\src\mpz\neg.obj
c:\users\user\documents\ks\pc_software\numericalprograms\extendednumbertypes\mpir_and_mpfr\mpir\mpir\x64\mpir_core2_lib_release\src\mpz\mul_ui.obj
c:\users\user\documents\ks\pc_software\numericalprograms\extendednumbertypes\mpir_and_mpfr\mpir\mpir\x64\mpir_core2_lib_release\src\mpz\mul_si.obj
c:\users\user\documents\ks\pc_software\numericalprograms\extendednumbertypes\mpir_and_mpfr\mpir\mpir\x64\mpir_core2_lib_release\src\mpz\mul_2exp.obj
c:\users\user\documents\ks\pc_software\numericalprograms\extendednumbertypes\mpir_and_mpfr\mpir\mpir\x64\mpir_core2_lib_release\src\mpz\mul.obj
c:\users\user\documents\ks\pc_software\numericalprograms\extendednumbertypes\mpir_and_mpfr\mpir\mpir\x64\mpir_core2_lib_release\src\mpz\mod.obj
c:\users\user\documents\ks\pc_software\numericalprograms\extendednumbertypes\mpir_and_mpfr\mpir\mpir\x64\mpir_core2_lib_release\src\mpz\miller_rabin.obj
c:\users\user\documents\ks\pc_software\numericalprograms\extendednumbertypes\mpir_and_mpfr\mpir\mpir\x64\mpir_core2_lib_release\src\mpz\millerrabin.obj
c:\users\user\documents\ks\pc_software\numericalprograms\extendednumbertypes\mpir_and_mpfr\mpir\mpir\x64\mpir_core2_lib_release\src\mpz\mfac_uiui.obj
c:\users\user\documents\ks\pc_software\numericalprograms\extendednumbertypes\mpir_and_mpfr\mpir\mpir\x64\mpir_core2_lib_release\src\mpz\lucnum_ui.obj
c:\users\user\documents\ks\pc_software\numericalprograms\extendednumbertypes\mpir_and_mpfr\mpir\mpir\x64\mpir_core2_lib_release\src\mpz\set_f.obj
c:\users\user\documents\ks\pc_software\numericalprograms\extendednumbertypes\mpir_and_mpfr\mpir\mpir\x64\mpir_core2_lib_release\src\mpz\set_d.obj
c:\users\user\documents\ks\pc_software\numericalprograms\extendednumbertypes\mpir_and_mpfr\mpir\mpir\x64\mpir_core2_lib_release\src\mpz\setbit.obj
c:\users\user\documents\ks\pc_software\numericalprograms\extendednumbertypes\mpir_and_mpfr\mpir\mpir\x64\mpir_core2_lib_release\src\mpz\set.obj
c:\users\user\documents\ks\pc_software\numericalprograms\extendednumbertypes\mpir_and_mpfr\mpir\mpir\x64\mpir_core2_lib_release\src\mpz\scan1.obj
c:\users\user\documents\ks\pc_software\numericalprograms\extendednumbertypes\mpir_and_mpfr\mpir\mpir\x64\mpir_core2_lib_release\src\mpz\scan0.obj
c:\users\user\documents\ks\pc_software\numericalprograms\extendednumbertypes\mpir_and_mpfr\mpir\mpir\x64\mpir_core2_lib_release\src\mpz\rrandomb.obj
c:\users\user\documents\ks\pc_software\numericalprograms\extendednumbertypes\mpir_and_mpfr\mpir\mpir\x64\mpir_core2_lib_release\src\mpz\rootrem.obj
c:\users\user\documents\ks\pc_software\numericalprograms\extendednumbertypes\mpir_and_mpfr\mpir\mpir\x64\mpir_core2_lib_release\src\mpz\root.obj
c:\users\user\documents\ks\pc_software\numericalprograms\extendednumbertypes\mpir_and_mpfr\mpir\mpir\x64\mpir_core2_lib_release\src\mpz\roinit_n.obj
c:\users\user\documents\ks\pc_software\numericalprograms\extendednumbertypes\mpir_and_mpfr\mpir\mpir\x64\mpir_core2_lib_release\src\mpz\remove.obj
c:\users\user\documents\ks\pc_software\numericalprograms\extendednumbertypes\mpir_and_mpfr\mpir\mpir\x64\mpir_core2_lib_release\src\mpz\realloc2.obj
c:\users\user\documents\ks\pc_software\numericalprograms\extendednumbertypes\mpir_and_mpfr\mpir\mpir\x64\mpir_core2_lib_release\src\mpz\realloc.obj
c:\users\user\documents\ks\pc_software\numericalprograms\extendednumbertypes\mpir_and_mpfr\mpir\mpir\x64\mpir_core2_lib_release\src\mpz\prodlimbs.obj
c:\users\user\documents\ks\pc_software\numericalprograms\extendednumbertypes\mpir_and_mpfr\mpir\mpir\x64\mpir_core2_lib_release\src\mpz\probable_prime_p.obj
c:\users\user\documents\ks\pc_software\numericalprograms\extendednumbertypes\mpir_and_mpfr\mpir\mpir\x64\mpir_core2_lib_release\src\mpz\primorial_ui.obj
c:\users\user\documents\ks\pc_software\numericalprograms\extendednumbertypes\mpir_and_mpfr\mpir\mpir\x64\mpir_core2_lib_release\src\mpz\pprime_p.obj
c:\users\user\documents\ks\pc_software\numericalprograms\extendednumbertypes\mpir_and_mpfr\mpir\mpir\x64\mpir_core2_lib_release\src\mpz\pow_ui.obj
c:\users\user\documents\ks\pc_software\numericalprograms\extendednumbertypes\mpir_and_mpfr\mpir\mpir\x64\mpir_core2_lib_release\src\mpz\powm_ui.obj
c:\users\user\documents\ks\pc_software\numericalprograms\extendednumbertypes\mpir_and_mpfr\mpir\mpir\x64\mpir_core2_lib_release\src\mpz\powm.obj
c:\users\user\documents\ks\pc_software\numericalprograms\extendednumbertypes\mpir_and_mpfr\mpir\mpir\x64\mpir_core2_lib_release\src\mpz\tdiv_r_2exp.obj
c:\users\user\documents\ks\pc_software\numericalprograms\extendednumbertypes\mpir_and_mpfr\mpir\mpir\x64\mpir_core2_lib_release\src\mpz\tdiv_r.obj
c:\users\user\documents\ks\pc_software\numericalprograms\extendednumbertypes\mpir_and_mpfr\mpir\mpir\x64\mpir_core2_lib_release\src\mpz\tdiv_q_ui.obj
c:\users\user\documents\ks\pc_software\numericalprograms\extendednumbertypes\mpir_and_mpfr\mpir\mpir\x64\mpir_core2_lib_release\src\mpz\tdiv_q_2exp.obj
c:\users\user\documents\ks\pc_software\numericalprograms\extendednumbertypes\mpir_and_mpfr\mpir\mpir\x64\mpir_core2_lib_release\src\mpz\tdiv_qr_ui.obj
c:\users\user\documents\ks\pc_software\numericalprograms\extendednumbertypes\mpir_and_mpfr\mpir\mpir\x64\mpir_core2_lib_release\src\mpz\tdiv_qr.obj
c:\users\user\documents\ks\pc_software\numericalprograms\extendednumbertypes\mpir_and_mpfr\mpir\mpir\x64\mpir_core2_lib_release\src\mpz\tdiv_q.obj
c:\users\user\documents\ks\pc_software\numericalprograms\extendednumbertypes\mpir_and_mpfr\mpir\mpir\x64\mpir_core2_lib_release\src\mpz\swap.obj
c:\users\user\documents\ks\pc_software\numericalprograms\extendednumbertypes\mpir_and_mpfr\mpir\mpir\x64\mpir_core2_lib_release\src\mpz\sub_ui.obj
c:\users\user\documents\ks\pc_software\numericalprograms\extendednumbertypes\mpir_and_mpfr\mpir\mpir\x64\mpir_core2_lib_release\src\mpz\sub.obj
c:\users\user\documents\ks\pc_software\numericalprograms\extendednumbertypes\mpir_and_mpfr\mpir\mpir\x64\mpir_core2_lib_release\src\mpz\sqrtrem.obj
c:\users\user\documents\ks\pc_software\numericalprograms\extendednumbertypes\mpir_and_mpfr\mpir\mpir\x64\mpir_core2_lib_release\src\mpz\sqrt.obj
c:\users\user\documents\ks\pc_software\numericalprograms\extendednumbertypes\mpir_and_mpfr\mpir\mpir\x64\mpir_core2_lib_release\src\mpz\sizeinbase.obj
c:\users\user\documents\ks\pc_software\numericalprograms\extendednumbertypes\mpir_and_mpfr\mpir\mpir\x64\mpir_core2_lib_release\src\mpz\size.obj
c:\users\user\documents\ks\pc_software\numericalprograms\extendednumbertypes\mpir_and_mpfr\mpir\mpir\x64\mpir_core2_lib_release\src\mpz\set_ux.obj
c:\users\user\documents\ks\pc_software\numericalprograms\extendednumbertypes\mpir_and_mpfr\mpir\mpir\x64\mpir_core2_lib_release\src\mpz\set_ui.obj
c:\users\user\documents\ks\pc_software\numericalprograms\extendednumbertypes\mpir_and_mpfr\mpir\mpir\x64\mpir_core2_lib_release\src\mpz\set_sx.obj
c:\users\user\documents\ks\pc_software\numericalprograms\extendednumbertypes\mpir_and_mpfr\mpir\mpir\x64\mpir_core2_lib_release\src\mpz\set_str.obj
c:\users\user\documents\ks\pc_software\numericalprograms\extendednumbertypes\mpir_and_mpfr\mpir\mpir\x64\mpir_core2_lib_release\src\mpz\set_si.obj
c:\users\user\documents\ks\pc_software\numericalprograms\extendednumbertypes\mpir_and_mpfr\mpir\mpir\x64\mpir_core2_lib_release\src\mpz\set_q.obj
c:\users\user\documents\ks\pc_software\numericalprograms\extendednumbertypes\mpir_and_mpfr\mpir\mpir\x64\mpir_core2_lib_release\src\mpz\xor.obj
c:\users\user\documents\ks\pc_software\numericalprograms\extendednumbertypes\mpir_and_mpfr\mpir\mpir\x64\mpir_core2_lib_release\src\mpz\urandomm.obj
c:\users\user\documents\ks\pc_software\numericalprograms\extendednumbertypes\mpir_and_mpfr\mpir\mpir\x64\mpir_core2_lib_release\src\mpz\urandomb.obj
c:\users\user\documents\ks\pc_software\numericalprograms\extendednumbertypes\mpir_and_mpfr\mpir\mpir\x64\mpir_core2_lib_release\src\mpz\ui_sub.obj
c:\users\user\documents\ks\pc_software\numericalprograms\extendednumbertypes\mpir_and_mpfr\mpir\mpir\x64\mpir_core2_lib_release\src\mpz\ui_pow_ui.obj
c:\users\user\documents\ks\pc_software\numericalprograms\extendednumbertypes\mpir_and_mpfr\mpir\mpir\x64\mpir_core2_lib_release\src\mpz\tstbit.obj
c:\users\user\documents\ks\pc_software\numericalprograms\extendednumbertypes\mpir_and_mpfr\mpir\mpir\x64\mpir_core2_lib_release\src\mpz\trial_division.obj
c:\users\user\documents\ks\pc_software\numericalprograms\extendednumbertypes\mpir_and_mpfr\mpir\mpir\x64\mpir_core2_lib_release\src\mpz\tdiv_ui.obj
c:\users\user\documents\ks\pc_software\numericalprograms\extendednumbertypes\mpir_and_mpfr\mpir\mpir\x64\mpir_core2_lib_release\src\mpz\tdiv_r_ui.obj
c:\users\user\documents\ks\pc_software\numericalprograms\extendednumbertypes\mpir_and_mpfr\mpir\mpir\x64\mpir_core2_lib_release\src\printf\vsnprintf.obj
c:\users\user\documents\ks\pc_software\numericalprograms\extendednumbertypes\mpir_and_mpfr\mpir\mpir\x64\mpir_core2_lib_release\src\printf\vprintf.obj
c:\users\user\documents\ks\pc_software\numericalprograms\extendednumbertypes\mpir_and_mpfr\mpir\mpir\x64\mpir_core2_lib_release\src\printf\vfprintf.obj
c:\users\user\documents\ks\pc_software\numericalprograms\extendednumbertypes\mpir_and_mpfr\mpir\mpir\x64\mpir_core2_lib_release\src\printf\vasprintf.obj
c:\users\user\documents\ks\pc_software\numericalprograms\extendednumbertypes\mpir_and_mpfr\mpir\mpir\x64\mpir_core2_lib_release\src\printf\sprintffuns.obj
c:\users\user\documents\ks\pc_software\numericalprograms\extendednumbertypes\mpir_and_mpfr\mpir\mpir\x64\mpir_core2_lib_release\src\printf\sprintf.obj
c:\users\user\documents\ks\pc_software\numericalprograms\extendednumbertypes\mpir_and_mpfr\mpir\mpir\x64\mpir_core2_lib_release\src\printf\snprntffuns.obj
c:\users\user\documents\ks\pc_software\numericalprograms\extendednumbertypes\mpir_and_mpfr\mpir\mpir\x64\mpir_core2_lib_release\src\printf\snprintf.obj
c:\users\user\documents\ks\pc_software\numericalprograms\extendednumbertypes\mpir_and_mpfr\mpir\mpir\x64\mpir_core2_lib_release\src\printf\repl-vsnprintf.obj
c:\users\user\documents\ks\pc_software\numericalprograms\extendednumbertypes\mpir_and_mpfr\mpir\mpir\x64\mpir_core2_lib_release\src\printf\printffuns.obj
c:\users\user\documents\ks\pc_software\numericalprograms\extendednumbertypes\mpir_and_mpfr\mpir\mpir\x64\mpir_core2_lib_release\src\printf\printf.obj
c:\users\user\documents\ks\pc_software\numericalprograms\extendednumbertypes\mpir_and_mpfr\mpir\mpir\x64\mpir_core2_lib_release\src\printf\obvprintf.obj
c:\users\user\documents\ks\pc_software\numericalprograms\extendednumbertypes\mpir_and_mpfr\mpir\mpir\x64\mpir_core2_lib_release\src\printf\obprntffuns.obj
c:\users\user\documents\ks\pc_software\numericalprograms\extendednumbertypes\mpir_and_mpfr\mpir\mpir\x64\mpir_core2_lib_release\src\printf\obprintf.obj
c:\users\user\documents\ks\pc_software\numericalprograms\extendednumbertypes\mpir_and_mpfr\mpir\mpir\x64\mpir_core2_lib_release\src\printf\fprintf.obj
c:\users\user\documents\ks\pc_software\numericalprograms\extendednumbertypes\mpir_and_mpfr\mpir\mpir\x64\mpir_core2_lib_release\src\printf\doprnti.obj
c:\users\user\documents\ks\pc_software\numericalprograms\extendednumbertypes\mpir_and_mpfr\mpir\mpir\x64\mpir_core2_lib_release\src\printf\doprntf.obj
c:\users\user\documents\ks\pc_software\numericalprograms\extendednumbertypes\mpir_and_mpfr\mpir\mpir\x64\mpir_core2_lib_release\src\printf\doprnt.obj
c:\users\user\documents\ks\pc_software\numericalprograms\extendednumbertypes\mpir_and_mpfr\mpir\mpir\x64\mpir_core2_lib_release\src\printf\asprntffuns.obj
c:\users\user\documents\ks\pc_software\numericalprograms\extendednumbertypes\mpir_and_mpfr\mpir\mpir\x64\mpir_core2_lib_release\src\printf\asprintf.obj
c:\users\user\documents\ks\pc_software\numericalprograms\extendednumbertypes\mpir_and_mpfr\mpir\mpir\x64\mpir_core2_lib_release\src\printf\vsprintf.obj
c:\users\user\documents\ks\pc_software\numericalprograms\extendednumbertypes\mpir_and_mpfr\mpir\mpir\x64\mpir_core2_lib_release\src\scanf\vsscanf.obj
c:\users\user\documents\ks\pc_software\numericalprograms\extendednumbertypes\mpir_and_mpfr\mpir\mpir\x64\mpir_core2_lib_release\src\scanf\vscanf.obj
c:\users\user\documents\ks\pc_software\numericalprograms\extendednumbertypes\mpir_and_mpfr\mpir\mpir\x64\mpir_core2_lib_release\src\scanf\vfscanf.obj
c:\users\user\documents\ks\pc_software\numericalprograms\extendednumbertypes\mpir_and_mpfr\mpir\mpir\x64\mpir_core2_lib_release\src\scanf\sscanffuns.obj
c:\users\user\documents\ks\pc_software\numericalprograms\extendednumbertypes\mpir_and_mpfr\mpir\mpir\x64\mpir_core2_lib_release\src\scanf\sscanf.obj
c:\users\user\documents\ks\pc_software\numericalprograms\extendednumbertypes\mpir_and_mpfr\mpir\mpir\x64\mpir_core2_lib_release\src\scanf\scanf.obj
c:\users\user\documents\ks\pc_software\numericalprograms\extendednumbertypes\mpir_and_mpfr\mpir\mpir\x64\mpir_core2_lib_release\src\scanf\fscanffuns.obj
c:\users\user\documents\ks\pc_software\numericalprograms\extendednumbertypes\mpir_and_mpfr\mpir\mpir\x64\mpir_core2_lib_release\src\scanf\fscanf.obj
c:\users\user\documents\ks\pc_software\numericalprograms\extendednumbertypes\mpir_and_mpfr\mpir\mpir\x64\mpir_core2_lib_release\src\scanf\doscan.obj
c:\users\user\documents\ks\pc_software\numericalprograms\extendednumbertypes\mpir_and_mpfr\mpir\mpir\x64\mpir_core2_lib_release\mpir_core2_lib_release.lib
c:\users\user\documents\ks\pc_software\numericalprograms\extendednumbertypes\mpir_and_mpfr\mpir\mpir\x64\mpir_core2_lib_release\mpir.tlog\cl.command.1.tlog
c:\users\user\documents\ks\pc_software\numericalprograms\extendednumbertypes\mpir_and_mpfr\mpir\mpir\x64\mpir_core2_lib_release\mpir.tlog\cl.read.1.tlog
c:\users\user\documents\ks\pc_software\numericalprograms\extendednumbertypes\mpir_and_mpfr\mpir\mpir\x64\mpir_core2_lib_release\mpir.tlog\cl.write.1.tlog
c:\users\user\documents\ks\pc_software\numericalprograms\extendednumbertypes\mpir_and_mpfr\mpir\mpir\x64\mpir_core2_lib_release\mpir.tlog\lib-link.read.1.tlog
c:\users\user\documents\ks\pc_software\numericalprograms\extendednumbertypes\mpir_and_mpfr\mpir\mpir\x64\mpir_core2_lib_release\mpir.tlog\lib-link.write.1.tlog
c:\users\user\documents\ks\pc_software\numericalprograms\extendednumbertypes\mpir_and_mpfr\mpir\mpir\x64\mpir_core2_lib_release\mpir.tlog\lib.command.1.tlog
